Adding [systemProperties] PropertySource with lowest search precedence
Adding [systemEnvironment] PropertySource with lowest search precedence
Initialized StandardEnvironment with PropertySources [systemProperties,systemEnvironment]
Refreshing org.springframework.context.support.ClassPathXmlApplicationContext@5f9f89ee: startup date [Sun Mar 08 21:36:27 GMT+08:00 2015]; root of context hierarchy
Adding [systemProperties] PropertySource with lowest search precedence
Adding [systemEnvironment] PropertySource with lowest search precedence
Initialized StandardEnvironment with PropertySources [systemProperties,systemEnvironment]
Loading XML bean definitions from class path resource [Beans.xml]
Using JAXP provider [com.sun.org.apache.xerces.internal.jaxp.DocumentBuilderFactoryImpl]
Loading schema mappings from [META-INF/spring.schemas]
Loaded schema mappings: {http://www.springframework.org/schema/tx/spring-tx-2.5.xsd=org/springframework/transaction/config/spring-tx-2.5.xsd, http://www.springframework.org/schema/aop/spring-aop-4.1.xsd=org/springframework/aop/config/spring-aop-4.1.xsd, http://www.springframework.org/schema/context/spring-context-3.1.xsd=org/springframework/context/config/spring-context-3.1.xsd, http://www.springframework.org/schema/jdbc/spring-jdbc-4.1.xsd=org/springframework/jdbc/config/spring-jdbc-4.1.xsd, http://www.springframework.org/schema/jms/spring-jms-2.5.xsd=org/springframework/jms/config/spring-jms-2.5.xsd, http://www.springframework.org/schema/util/spring-util-3.0.xsd=org/springframework/beans/factory/xml/spring-util-3.0.xsd, http://www.springframework.org/schema/mvc/spring-mvc-4.1.xsd=org/springframework/web/servlet/config/spring-mvc-4.1.xsd, http://www.springframework.org/schema/tool/spring-tool.xsd=org/springframework/beans/factory/xml/spring-tool-4.1.xsd, http://www.springframework.org/schema/aop/spring-aop-3.2.xsd=org/springframework/aop/config/spring-aop-3.2.xsd, http://www.springframework.org/schema/lang/spring-lang-4.1.xsd=org/springframework/scripting/config/spring-lang-4.1.xsd, http://www.springframework.org/schema/context/spring-context-4.0.xsd=org/springframework/context/config/spring-context-4.0.xsd, http://www.springframework.org/schema/mvc/spring-mvc-3.2.xsd=org/springframework/web/servlet/config/spring-mvc-3.2.xsd, http://www.springframework.org/schema/oxm/spring-oxm-3.0.xsd=org/springframework/oxm/config/spring-oxm-3.0.xsd, http://www.springframework.org/schema/tool/spring-tool-4.1.xsd=org/springframework/beans/factory/xml/spring-tool-4.1.xsd, http://www.springframework.org/schema/lang/spring-lang-3.2.xsd=org/springframework/scripting/config/spring-lang-3.2.xsd, http://www.springframework.org/schema/cache/spring-cache-3.2.xsd=org/springframework/cache/config/spring-cache-3.2.xsd, http://www.springframework.org/schema/jee/spring-jee-4.1.xsd=org/springframework/ejb/config/spring-jee-4.1.xsd, http://www.springframework.org/schema/jdbc/spring-jdbc-3.1.xsd=org/springframework/jdbc/config/spring-jdbc-3.1.xsd, http://www.springframework.org/schema/util/spring-util-2.0.xsd=org/springframework/beans/factory/xml/spring-util-2.0.xsd, http://www.springframework.org/schema/context/spring-context.xsd=org/springframework/context/config/spring-context-4.1.xsd, http://www.springframework.org/schema/tool/spring-tool-3.2.xsd=org/springframework/beans/factory/xml/spring-tool-3.2.xsd, http://www.springframework.org/schema/cache/spring-cache-4.1.xsd=org/springframework/cache/config/spring-cache-4.1.xsd, http://www.springframework.org/schema/aop/spring-aop-4.0.xsd=org/springframework/aop/config/spring-aop-4.0.xsd, http://www.springframework.org/schema/jee/spring-jee-3.2.xsd=org/springframework/ejb/config/spring-jee-3.2.xsd, http://www.springframework.org/schema/context/spring-context-3.0.xsd=org/springframework/context/config/spring-context-3.0.xsd, http://www.springframework.org/schema/jdbc/spring-jdbc-4.0.xsd=org/springframework/jdbc/config/spring-jdbc-4.0.xsd, http://www.springframework.org/schema/util/spring-util-2.5.xsd=org/springframework/beans/factory/xml/spring-util-2.5.xsd, http://www.springframework.org/schema/mvc/spring-mvc-4.0.xsd=org/springframework/web/servlet/config/spring-mvc-4.0.xsd, http://www.springframework.org/schema/beans/spring-beans-3.2.xsd=org/springframework/beans/factory/xml/spring-beans-3.2.xsd, http://www.springframework.org/schema/aop/spring-aop-3.1.xsd=org/springframework/aop/config/spring-aop-3.1.xsd, http://www.springframework.org/schema/lang/spring-lang-4.0.xsd=org/springframework/scripting/config/spring-lang-4.0.xsd, http://www.springframework.org/schema/mvc/spring-mvc.xsd=org/springframework/web/servlet/config/spring-mvc-4.1.xsd, http://www.springframework.org/schema/mvc/spring-mvc-3.1.xsd=org/springframework/web/servlet/config/spring-mvc-3.1.xsd, http://www.springframework.org/schema/beans/spring-beans-4.1.xsd=org/springframework/beans/factory/xml/spring-beans-4.1.xsd, http://www.springframework.org/schema/tool/spring-tool-4.0.xsd=org/springframework/beans/factory/xml/spring-tool-4.0.xsd, http://www.springframework.org/schema/lang/spring-lang-3.1.xsd=org/springframework/scripting/config/spring-lang-3.1.xsd, http://www.springframework.org/schema/tx/spring-tx-3.2.xsd=org/springframework/transaction/config/spring-tx-3.2.xsd, http://www.springframework.org/schema/cache/spring-cache-3.1.xsd=org/springframework/cache/config/spring-cache-3.1.xsd, http://www.springframework.org/schema/jee/spring-jee-4.0.xsd=org/springframework/ejb/config/spring-jee-4.0.xsd, http://www.springframework.org/schema/jdbc/spring-jdbc-3.0.xsd=org/springframework/jdbc/config/spring-jdbc-3.0.xsd, http://www.springframework.org/schema/task/spring-task-4.1.xsd=org/springframework/scheduling/config/spring-task-4.1.xsd, http://www.springframework.org/schema/jdbc/spring-jdbc.xsd=org/springframework/jdbc/config/spring-jdbc-4.1.xsd, http://www.springframework.org/schema/tool/spring-tool-3.1.xsd=org/springframework/beans/factory/xml/spring-tool-3.1.xsd, http://www.springframework.org/schema/tx/spring-tx-4.1.xsd=org/springframework/transaction/config/spring-tx-4.1.xsd, http://www.springframework.org/schema/cache/spring-cache-4.0.xsd=org/springframework/cache/config/spring-cache-4.0.xsd, http://www.springframework.org/schema/jee/spring-jee-3.1.xsd=org/springframework/ejb/config/spring-jee-3.1.xsd, http://www.springframework.org/schema/task/spring-task-3.2.xsd=org/springframework/scheduling/config/spring-task-3.2.xsd, http://www.springframework.org/schema/beans/spring-beans-3.1.xsd=org/springframework/beans/factory/xml/spring-beans-3.1.xsd, http://www.springframework.org/schema/util/spring-util.xsd=org/springframework/beans/factory/xml/spring-util-4.1.xsd, http://www.springframework.org/schema/aop/spring-aop-3.0.xsd=org/springframework/aop/config/spring-aop-3.0.xsd, http://www.springframework.org/schema/jms/spring-jms-3.2.xsd=org/springframework/jms/config/spring-jms-3.2.xsd, http://www.springframework.org/schema/mvc/spring-mvc-3.0.xsd=org/springframework/web/servlet/config/spring-mvc-3.0.xsd, http://www.springframework.org/schema/beans/spring-beans-4.0.xsd=org/springframework/beans/factory/xml/spring-beans-4.0.xsd, http://www.springframework.org/schema/beans/spring-beans.xsd=org/springframework/beans/factory/xml/spring-beans-4.1.xsd, http://www.springframework.org/schema/lang/spring-lang-3.0.xsd=org/springframework/scripting/config/spring-lang-3.0.xsd, http://www.springframework.org/schema/tx/spring-tx-3.1.xsd=org/springframework/transaction/config/spring-tx-3.1.xsd, http://www.springframework.org/schema/context/spring-context-2.5.xsd=org/springframework/context/config/spring-context-2.5.xsd, http://www.springframework.org/schema/jms/spring-jms-4.1.xsd=org/springframework/jms/config/spring-jms-4.1.xsd, http://www.springframework.org/schema/task/spring-task-4.0.xsd=org/springframework/scheduling/config/spring-task-4.0.xsd, http://www.springframework.org/schema/tool/spring-tool-3.0.xsd=org/springframework/beans/factory/xml/spring-tool-3.0.xsd, http://www.springframework.org/schema/tx/spring-tx-4.0.xsd=org/springframework/transaction/config/spring-tx-4.0.xsd, http://www.springframework.org/schema/aop/spring-aop-2.0.xsd=org/springframework/aop/config/spring-aop-2.0.xsd, http://www.springframework.org/schema/jee/spring-jee-3.0.xsd=org/springframework/ejb/config/spring-jee-3.0.xsd, http://www.springframework.org/schema/task/spring-task-3.1.xsd=org/springframework/scheduling/config/spring-task-3.1.xsd, http://www.springframework.org/schema/util/spring-util-4.1.xsd=org/springframework/beans/factory/xml/spring-util-4.1.xsd, http://www.springframework.org/schema/beans/spring-beans-3.0.xsd=org/springframework/beans/factory/xml/spring-beans-3.0.xsd, http://www.springframework.org/schema/websocket/spring-websocket.xsd=org/springframework/web/socket/config/spring-websocket-4.1.xsd, http://www.springframework.org/schema/jee/spring-jee.xsd=org/springframework/ejb/config/spring-jee-4.1.xsd, http://www.springframework.org/schema/aop/spring-aop-2.5.xsd=org/springframework/aop/config/spring-aop-2.5.xsd, http://www.springframework.org/schema/jms/spring-jms.xsd=org/springframework/jms/config/spring-jms-4.1.xsd, http://www.springframework.org/schema/lang/spring-lang-2.0.xsd=org/springframework/scripting/config/spring-lang-2.0.xsd, http://www.springframework.org/schema/jms/spring-jms-3.1.xsd=org/springframework/jms/config/spring-jms-3.1.xsd, http://www.springframework.org/schema/oxm/spring-oxm.xsd=org/springframework/oxm/config/spring-oxm-4.1.xsd, http://www.springframework.org/schema/util/spring-util-3.2.xsd=org/springframework/beans/factory/xml/spring-util-3.2.xsd, http://www.springframework.org/schema/oxm/spring-oxm-4.1.xsd=org/springframework/oxm/config/spring-oxm-4.1.xsd, http://www.springframework.org/schema/task/spring-task.xsd=org/springframework/scheduling/config/spring-task-4.1.xsd, http://www.springframework.org/schema/tool/spring-tool-2.0.xsd=org/springframework/beans/factory/xml/spring-tool-2.0.xsd, http://www.springframework.org/schema/lang/spring-lang-2.5.xsd=org/springframework/scripting/config/spring-lang-2.5.xsd, http://www.springframework.org/schema/tx/spring-tx-3.0.xsd=org/springframework/transaction/config/spring-tx-3.0.xsd, http://www.springframework.org/schema/jee/spring-jee-2.0.xsd=org/springframework/ejb/config/spring-jee-2.0.xsd, http://www.springframework.org/schema/jms/spring-jms-4.0.xsd=org/springframework/jms/config/spring-jms-4.0.xsd, http://www.springframework.org/schema/oxm/spring-oxm-3.2.xsd=org/springframework/oxm/config/spring-oxm-3.2.xsd, http://www.springframework.org/schema/tool/spring-tool-2.5.xsd=org/springframework/beans/factory/xml/spring-tool-2.5.xsd, http://www.springframework.org/schema/jee/spring-jee-2.5.xsd=org/springframework/ejb/config/spring-jee-2.5.xsd, http://www.springframework.org/schema/task/spring-task-3.0.xsd=org/springframework/scheduling/config/spring-task-3.0.xsd, http://www.springframework.org/schema/util/spring-util-4.0.xsd=org/springframework/beans/factory/xml/spring-util-4.0.xsd, http://www.springframework.org/schema/websocket/spring-websocket-4.1.xsd=org/springframework/web/socket/config/spring-websocket-4.1.xsd, http://www.springframework.org/schema/lang/spring-lang.xsd=org/springframework/scripting/config/spring-lang-4.1.xsd, http://www.springframework.org/schema/context/spring-context-3.2.xsd=org/springframework/context/config/spring-context-3.2.xsd, http://www.springframework.org/schema/jms/spring-jms-3.0.xsd=org/springframework/jms/config/spring-jms-3.0.xsd, http://www.springframework.org/schema/util/spring-util-3.1.xsd=org/springframework/beans/factory/xml/spring-util-3.1.xsd, http://www.springframework.org/schema/beans/spring-beans-2.0.xsd=org/springframework/beans/factory/xml/spring-beans-2.0.xsd, http://www.springframework.org/schema/oxm/spring-oxm-4.0.xsd=org/springframework/oxm/config/spring-oxm-4.0.xsd, http://www.springframework.org/schema/cache/spring-cache.xsd=org/springframework/cache/config/spring-cache-4.1.xsd, http://www.springframework.org/schema/tx/spring-tx.xsd=org/springframework/transaction/config/spring-tx-4.1.xsd, http://www.springframework.org/schema/context/spring-context-4.1.xsd=org/springframework/context/config/spring-context-4.1.xsd, http://www.springframework.org/schema/beans/spring-beans-2.5.xsd=org/springframework/beans/factory/xml/spring-beans-2.5.xsd, http://www.springframework.org/schema/oxm/spring-oxm-3.1.xsd=org/springframework/oxm/config/spring-oxm-3.1.xsd, http://www.springframework.org/schema/tx/spring-tx-2.0.xsd=org/springframework/transaction/config/spring-tx-2.0.xsd, http://www.springframework.org/schema/jdbc/spring-jdbc-3.2.xsd=org/springframework/jdbc/config/spring-jdbc-3.2.xsd, http://www.springframework.org/schema/aop/spring-aop.xsd=org/springframework/aop/config/spring-aop-4.1.xsd, http://www.springframework.org/schema/websocket/spring-websocket-4.0.xsd=org/springframework/web/socket/config/spring-websocket-4.0.xsd}
Found XML schema [http://www.springframework.org/schema/beans/spring-beans-3.0.xsd] in classpath: org/springframework/beans/factory/xml/spring-beans-3.0.xsd
Found XML schema [http://www.springframework.org/schema/context/spring-context-3.0.xsd] in classpath: org/springframework/context/config/spring-context-3.0.xsd
Found XML schema [http://www.springframework.org/schema/tool/spring-tool-3.0.xsd] in classpath: org/springframework/beans/factory/xml/spring-tool-3.0.xsd
Found XML schema [http://www.springframework.org/schema/aop/spring-aop-3.0.xsd] in classpath: org/springframework/aop/config/spring-aop-3.0.xsd
Loading bean definitions
Loaded NamespaceHandler mappings: {http://www.springframework.org/schema/p=org.springframework.beans.factory.xml.SimplePropertyNamespaceHandler, http://www.springframework.org/schema/mvc=org.springframework.web.servlet.config.MvcNamespaceHandler, http://www.springframework.org/schema/util=org.springframework.beans.factory.xml.UtilNamespaceHandler, http://www.springframework.org/schema/jee=org.springframework.ejb.config.JeeNamespaceHandler, http://www.springframework.org/schema/websocket=org.springframework.web.socket.config.WebSocketNamespaceHandler, http://www.springframework.org/schema/aop=org.springframework.aop.config.AopNamespaceHandler, http://www.springframework.org/schema/jdbc=org.springframework.jdbc.config.JdbcNamespaceHandler, http://www.springframework.org/schema/oxm=org.springframework.oxm.config.OxmNamespaceHandler, http://www.springframework.org/schema/cache=org.springframework.cache.config.CacheNamespaceHandler, http://www.springframework.org/schema/c=org.springframework.beans.factory.xml.SimpleConstructorNamespaceHandler, http://www.springframework.org/schema/tx=org.springframework.transaction.config.TxNamespaceHandler, http://www.springframework.org/schema/task=org.springframework.scheduling.config.TaskNamespaceHandler, http://www.springframework.org/schema/lang=org.springframework.scripting.config.LangNamespaceHandler, http://www.springframework.org/schema/jms=org.springframework.jms.config.JmsNamespaceHandler, http://www.springframework.org/schema/context=org.springframework.context.config.ContextNamespaceHandler}
Neither XML 'id' nor 'name' specified - using generated bean name [com.tutorialspoint.InitHelloWorld#0]
Loaded 29 bean definitions from location pattern [Beans.xml]
Bean factory for org.springframework.context.support.ClassPathXmlApplicationContext@5f9f89ee: org.springframework.beans.factory.support.DefaultListableBeanFactory@75371ddd: defining beans [org.springframework.context.annotation.internalConfigurationAnnotationProcessor,org.springframework.context.annotation.internalAutowiredAnnotationProcessor,org.springframework.context.annotation.internalRequiredAnnotationProcessor,org.springframework.context.annotation.internalCommonAnnotationProcessor,org.springframework.aop.config.internalAutoProxyCreator,org.springframework.aop.aspectj.AspectJPointcutAdvisor#0,org.springframework.aop.aspectj.AspectJPointcutAdvisor#1,org.springframework.aop.aspectj.AspectJPointcutAdvisor#2,org.springframework.aop.aspectj.AspectJPointcutAdvisor#3,selectAll,logging,annotationBasedLogging,helloWorld,helloIndia,com.tutorialspoint.InitHelloWorld#0,textEditor,spellChecker,javaCollection,student,profile,student1,student2,cStartEventHandler,cStopEventHandler,customEventHandler,customEventPublisher,dataSource,studentJDBCTemplate,studentJDBCTemplate2]; root of factory hierarchy
Creating shared instance of singleton bean 'org.springframework.context.annotation.internalConfigurationAnnotationProcessor'
Creating instance of bean 'org.springframework.context.annotation.internalConfigurationAnnotationProcessor'
Eagerly caching bean 'org.springframework.context.annotation.internalConfigurationAnnotationProcessor' to allow for resolving potential circular references
Finished creating instance of bean 'org.springframework.context.annotation.internalConfigurationAnnotationProcessor'
Creating shared instance of singleton bean 'org.springframework.context.annotation.internalAutowiredAnnotationProcessor'
Creating instance of bean 'org.springframework.context.annotation.internalAutowiredAnnotationProcessor'
Eagerly caching bean 'org.springframework.context.annotation.internalAutowiredAnnotationProcessor' to allow for resolving potential circular references
Finished creating instance of bean 'org.springframework.context.annotation.internalAutowiredAnnotationProcessor'
Creating shared instance of singleton bean 'org.springframework.context.annotation.internalRequiredAnnotationProcessor'
Creating instance of bean 'org.springframework.context.annotation.internalRequiredAnnotationProcessor'
Eagerly caching bean 'org.springframework.context.annotation.internalRequiredAnnotationProcessor' to allow for resolving potential circular references
Finished creating instance of bean 'org.springframework.context.annotation.internalRequiredAnnotationProcessor'
Creating shared instance of singleton bean 'org.springframework.context.annotation.internalCommonAnnotationProcessor'
Creating instance of bean 'org.springframework.context.annotation.internalCommonAnnotationProcessor'
Eagerly caching bean 'org.springframework.context.annotation.internalCommonAnnotationProcessor' to allow for resolving potential circular references
Finished creating instance of bean 'org.springframework.context.annotation.internalCommonAnnotationProcessor'
Creating shared instance of singleton bean 'org.springframework.context.annotation.ConfigurationClassPostProcessor.importAwareProcessor'
Creating instance of bean 'org.springframework.context.annotation.ConfigurationClassPostProcessor.importAwareProcessor'
Eagerly caching bean 'org.springframework.context.annotation.ConfigurationClassPostProcessor.importAwareProcessor' to allow for resolving potential circular references
Finished creating instance of bean 'org.springframework.context.annotation.ConfigurationClassPostProcessor.importAwareProcessor'
Creating shared instance of singleton bean 'org.springframework.context.annotation.ConfigurationClassPostProcessor.enhancedConfigurationProcessor'
Creating instance of bean 'org.springframework.context.annotation.ConfigurationClassPostProcessor.enhancedConfigurationProcessor'
Eagerly caching bean 'org.springframework.context.annotation.ConfigurationClassPostProcessor.enhancedConfigurationProcessor' to allow for resolving potential circular references
Finished creating instance of bean 'org.springframework.context.annotation.ConfigurationClassPostProcessor.enhancedConfigurationProcessor'
Creating shared instance of singleton bean 'org.springframework.aop.config.internalAutoProxyCreator'
Creating instance of bean 'org.springframework.aop.config.internalAutoProxyCreator'
Eagerly caching bean 'org.springframework.aop.config.internalAutoProxyCreator' to allow for resolving potential circular references
Finished creating instance of bean 'org.springframework.aop.config.internalAutoProxyCreator'
Creating shared instance of singleton bean 'com.tutorialspoint.InitHelloWorld#0'
Creating instance of bean 'com.tutorialspoint.InitHelloWorld#0'
Creating shared instance of singleton bean 'org.springframework.aop.aspectj.AspectJPointcutAdvisor#0'
Creating instance of bean 'org.springframework.aop.aspectj.AspectJPointcutAdvisor#0'
Creating instance of bean '(inner bean)#67b25799'
Creating instance of bean '(inner bean)#7116b458'
Finished creating instance of bean '(inner bean)#7116b458'
Creating instance of bean 'selectAll'
Finished creating instance of bean 'selectAll'
Creating instance of bean '(inner bean)#50a1557b'
Finished creating instance of bean '(inner bean)#50a1557b'
Bean '(inner bean)#67b25799' of type [class org.springframework.aop.aspectj.AspectJMethodBeforeAdvice] is not eligible for getting processed by all BeanPostProcessors (for example: not eligible for auto-proxying)
Finished creating instance of bean '(inner bean)#67b25799'
Eagerly caching bean 'org.springframework.aop.aspectj.AspectJPointcutAdvisor#0' to allow for resolving potential circular references
Bean 'org.springframework.aop.aspectj.AspectJPointcutAdvisor#0' of type [class org.springframework.aop.aspectj.AspectJPointcutAdvisor] is not eligible for getting processed by all BeanPostProcessors (for example: not eligible for auto-proxying)
Finished creating instance of bean 'org.springframework.aop.aspectj.AspectJPointcutAdvisor#0'
Creating shared instance of singleton bean 'org.springframework.aop.aspectj.AspectJPointcutAdvisor#1'
Creating instance of bean 'org.springframework.aop.aspectj.AspectJPointcutAdvisor#1'
Creating instance of bean '(inner bean)#52c603e7'
Creating instance of bean '(inner bean)#7494c20'
Finished creating instance of bean '(inner bean)#7494c20'
Creating instance of bean 'selectAll'
Finished creating instance of bean 'selectAll'
Creating instance of bean '(inner bean)#5d24cc9c'
Finished creating instance of bean '(inner bean)#5d24cc9c'
Bean '(inner bean)#52c603e7' of type [class org.springframework.aop.aspectj.AspectJAfterAdvice] is not eligible for getting processed by all BeanPostProcessors (for example: not eligible for auto-proxying)
Finished creating instance of bean '(inner bean)#52c603e7'
Eagerly caching bean 'org.springframework.aop.aspectj.AspectJPointcutAdvisor#1' to allow for resolving potential circular references
Bean 'org.springframework.aop.aspectj.AspectJPointcutAdvisor#1' of type [class org.springframework.aop.aspectj.AspectJPointcutAdvisor] is not eligible for getting processed by all BeanPostProcessors (for example: not eligible for auto-proxying)
Finished creating instance of bean 'org.springframework.aop.aspectj.AspectJPointcutAdvisor#1'
Creating shared instance of singleton bean 'org.springframework.aop.aspectj.AspectJPointcutAdvisor#2'
Creating instance of bean 'org.springframework.aop.aspectj.AspectJPointcutAdvisor#2'
Creating instance of bean '(inner bean)#409510fd'
Creating instance of bean '(inner bean)#1e2b0942'
Finished creating instance of bean '(inner bean)#1e2b0942'
Creating instance of bean 'selectAll'
Finished creating instance of bean 'selectAll'
Creating instance of bean '(inner bean)#1b6cdb87'
Finished creating instance of bean '(inner bean)#1b6cdb87'
Bean '(inner bean)#409510fd' of type [class org.springframework.aop.aspectj.AspectJAfterReturningAdvice] is not eligible for getting processed by all BeanPostProcessors (for example: not eligible for auto-proxying)
Finished creating instance of bean '(inner bean)#409510fd'
Eagerly caching bean 'org.springframework.aop.aspectj.AspectJPointcutAdvisor#2' to allow for resolving potential circular references
Bean 'org.springframework.aop.aspectj.AspectJPointcutAdvisor#2' of type [class org.springframework.aop.aspectj.AspectJPointcutAdvisor] is not eligible for getting processed by all BeanPostProcessors (for example: not eligible for auto-proxying)
Finished creating instance of bean 'org.springframework.aop.aspectj.AspectJPointcutAdvisor#2'
Creating shared instance of singleton bean 'org.springframework.aop.aspectj.AspectJPointcutAdvisor#3'
Creating instance of bean 'org.springframework.aop.aspectj.AspectJPointcutAdvisor#3'
Creating instance of bean '(inner bean)#54ac6ca1'
Creating instance of bean '(inner bean)#30a80268'
Finished creating instance of bean '(inner bean)#30a80268'
Creating instance of bean 'selectAll'
Finished creating instance of bean 'selectAll'
Creating instance of bean '(inner bean)#663612cc'
Finished creating instance of bean '(inner bean)#663612cc'
Bean '(inner bean)#54ac6ca1' of type [class org.springframework.aop.aspectj.AspectJAfterThrowingAdvice] is not eligible for getting processed by all BeanPostProcessors (for example: not eligible for auto-proxying)
Finished creating instance of bean '(inner bean)#54ac6ca1'
Eagerly caching bean 'org.springframework.aop.aspectj.AspectJPointcutAdvisor#3' to allow for resolving potential circular references
Bean 'org.springframework.aop.aspectj.AspectJPointcutAdvisor#3' of type [class org.springframework.aop.aspectj.AspectJPointcutAdvisor] is not eligible for getting processed by all BeanPostProcessors (for example: not eligible for auto-proxying)
Finished creating instance of bean 'org.springframework.aop.aspectj.AspectJPointcutAdvisor#3'
Found AspectJ method: public void com.tutorialspoint.AnnotationBasedLogging.beforeAdvice()
Found AspectJ method: public void com.tutorialspoint.AnnotationBasedLogging.afterAdvice()
Found AspectJ method: public void com.tutorialspoint.AnnotationBasedLogging.afterReturningAdvice(java.lang.Object)
Found AspectJ method: public void com.tutorialspoint.AnnotationBasedLogging.afterThrowingAdvice(java.lang.IllegalArgumentException)
Eagerly caching bean 'com.tutorialspoint.InitHelloWorld#0' to allow for resolving potential circular references
Returning cached instance of singleton bean 'org.springframework.aop.aspectj.AspectJPointcutAdvisor#0'
Returning cached instance of singleton bean 'org.springframework.aop.aspectj.AspectJPointcutAdvisor#1'
Returning cached instance of singleton bean 'org.springframework.aop.aspectj.AspectJPointcutAdvisor#2'
Returning cached instance of singleton bean 'org.springframework.aop.aspectj.AspectJPointcutAdvisor#3'
Returning cached instance of singleton bean 'org.springframework.aop.aspectj.AspectJPointcutAdvisor#0'
Returning cached instance of singleton bean 'org.springframework.aop.aspectj.AspectJPointcutAdvisor#1'
Returning cached instance of singleton bean 'org.springframework.aop.aspectj.AspectJPointcutAdvisor#2'
Returning cached instance of singleton bean 'org.springframework.aop.aspectj.AspectJPointcutAdvisor#3'
Finished creating instance of bean 'com.tutorialspoint.InitHelloWorld#0'
Unable to locate MessageSource with name 'messageSource': using default [org.springframework.context.support.DelegatingMessageSource@4c0ee241]
Unable to locate ApplicationEventMulticaster with name 'applicationEventMulticaster': using default [org.springframework.context.event.SimpleApplicationEventMulticaster@699cb73]
Pre-instantiating singletons in org.springframework.beans.factory.support.DefaultListableBeanFactory@75371ddd: defining beans [org.springframework.context.annotation.internalConfigurationAnnotationProcessor,org.springframework.context.annotation.internalAutowiredAnnotationProcessor,org.springframework.context.annotation.internalRequiredAnnotationProcessor,org.springframework.context.annotation.internalCommonAnnotationProcessor,org.springframework.aop.config.internalAutoProxyCreator,org.springframework.aop.aspectj.AspectJPointcutAdvisor#0,org.springframework.aop.aspectj.AspectJPointcutAdvisor#1,org.springframework.aop.aspectj.AspectJPointcutAdvisor#2,org.springframework.aop.aspectj.AspectJPointcutAdvisor#3,selectAll,logging,annotationBasedLogging,helloWorld,helloIndia,com.tutorialspoint.InitHelloWorld#0,textEditor,spellChecker,javaCollection,student,profile,student1,student2,cStartEventHandler,cStopEventHandler,customEventHandler,customEventPublisher,dataSource,studentJDBCTemplate,studentJDBCTemplate2,org.springframework.context.annotation.ConfigurationClassPostProcessor.importAwareProcessor,org.springframework.context.annotation.ConfigurationClassPostProcessor.enhancedConfigurationProcessor]; root of factory hierarchy
Returning cached instance of singleton bean 'org.springframework.context.annotation.internalConfigurationAnnotationProcessor'
Returning cached instance of singleton bean 'org.springframework.context.annotation.internalAutowiredAnnotationProcessor'
Returning cached instance of singleton bean 'org.springframework.context.annotation.internalRequiredAnnotationProcessor'
Returning cached instance of singleton bean 'org.springframework.context.annotation.internalCommonAnnotationProcessor'
Returning cached instance of singleton bean 'org.springframework.aop.config.internalAutoProxyCreator'
Returning cached instance of singleton bean 'org.springframework.aop.aspectj.AspectJPointcutAdvisor#0'
Returning cached instance of singleton bean 'org.springframework.aop.aspectj.AspectJPointcutAdvisor#1'
Returning cached instance of singleton bean 'org.springframework.aop.aspectj.AspectJPointcutAdvisor#2'
Returning cached instance of singleton bean 'org.springframework.aop.aspectj.AspectJPointcutAdvisor#3'
Creating shared instance of singleton bean 'logging'
Creating instance of bean 'logging'
Returning cached instance of singleton bean 'org.springframework.aop.aspectj.AspectJPointcutAdvisor#0'
Returning cached instance of singleton bean 'org.springframework.aop.aspectj.AspectJPointcutAdvisor#1'
Returning cached instance of singleton bean 'org.springframework.aop.aspectj.AspectJPointcutAdvisor#2'
Returning cached instance of singleton bean 'org.springframework.aop.aspectj.AspectJPointcutAdvisor#3'
Eagerly caching bean 'logging' to allow for resolving potential circular references
Finished creating instance of bean 'logging'
Creating shared instance of singleton bean 'annotationBasedLogging'
Creating instance of bean 'annotationBasedLogging'
Eagerly caching bean 'annotationBasedLogging' to allow for resolving potential circular references
Finished creating instance of bean 'annotationBasedLogging'
Creating shared instance of singleton bean 'helloWorld'
Creating instance of bean 'helloWorld'
Returning cached instance of singleton bean 'org.springframework.aop.aspectj.AspectJPointcutAdvisor#0'
Returning cached instance of singleton bean 'org.springframework.aop.aspectj.AspectJPointcutAdvisor#1'
Returning cached instance of singleton bean 'org.springframework.aop.aspectj.AspectJPointcutAdvisor#2'
Returning cached instance of singleton bean 'org.springframework.aop.aspectj.AspectJPointcutAdvisor#3'
Eagerly caching bean 'helloWorld' to allow for resolving potential circular references
Returning cached instance of singleton bean 'org.springframework.aop.aspectj.AspectJPointcutAdvisor#0'
Returning cached instance of singleton bean 'org.springframework.aop.aspectj.AspectJPointcutAdvisor#1'
Returning cached instance of singleton bean 'org.springframework.aop.aspectj.AspectJPointcutAdvisor#2'
Returning cached instance of singleton bean 'org.springframework.aop.aspectj.AspectJPointcutAdvisor#3'
Returning cached instance of singleton bean 'org.springframework.aop.aspectj.AspectJPointcutAdvisor#0'
Returning cached instance of singleton bean 'org.springframework.aop.aspectj.AspectJPointcutAdvisor#1'
Returning cached instance of singleton bean 'org.springframework.aop.aspectj.AspectJPointcutAdvisor#2'
Returning cached instance of singleton bean 'org.springframework.aop.aspectj.AspectJPointcutAdvisor#3'
Finished creating instance of bean 'helloWorld'
Creating shared instance of singleton bean 'helloIndia'
Creating instance of bean 'helloIndia'
Returning cached instance of singleton bean 'org.springframework.aop.aspectj.AspectJPointcutAdvisor#0'
Returning cached instance of singleton bean 'org.springframework.aop.aspectj.AspectJPointcutAdvisor#1'
Returning cached instance of singleton bean 'org.springframework.aop.aspectj.AspectJPointcutAdvisor#2'
Returning cached instance of singleton bean 'org.springframework.aop.aspectj.AspectJPointcutAdvisor#3'
Eagerly caching bean 'helloIndia' to allow for resolving potential circular references
Returning cached instance of singleton bean 'org.springframework.aop.aspectj.AspectJPointcutAdvisor#0'
Returning cached instance of singleton bean 'org.springframework.aop.aspectj.AspectJPointcutAdvisor#1'
Returning cached instance of singleton bean 'org.springframework.aop.aspectj.AspectJPointcutAdvisor#2'
Returning cached instance of singleton bean 'org.springframework.aop.aspectj.AspectJPointcutAdvisor#3'
Returning cached instance of singleton bean 'org.springframework.aop.aspectj.AspectJPointcutAdvisor#0'
Returning cached instance of singleton bean 'org.springframework.aop.aspectj.AspectJPointcutAdvisor#1'
Returning cached instance of singleton bean 'org.springframework.aop.aspectj.AspectJPointcutAdvisor#2'
Returning cached instance of singleton bean 'org.springframework.aop.aspectj.AspectJPointcutAdvisor#3'
Finished creating instance of bean 'helloIndia'
Returning cached instance of singleton bean 'com.tutorialspoint.InitHelloWorld#0'
Creating shared instance of singleton bean 'textEditor'
Creating instance of bean 'textEditor'
Returning cached instance of singleton bean 'org.springframework.aop.aspectj.AspectJPointcutAdvisor#0'
Returning cached instance of singleton bean 'org.springframework.aop.aspectj.AspectJPointcutAdvisor#1'
Returning cached instance of singleton bean 'org.springframework.aop.aspectj.AspectJPointcutAdvisor#2'
Returning cached instance of singleton bean 'org.springframework.aop.aspectj.AspectJPointcutAdvisor#3'
Registered injected element on class [com.tutorialspoint.TextEditor]: AutowiredFieldElement for private com.tutorialspoint.SpellChecker com.tutorialspoint.TextEditor.spellChecker
Eagerly caching bean 'textEditor' to allow for resolving potential circular references
Processing injected element of bean 'textEditor': AutowiredFieldElement for private com.tutorialspoint.SpellChecker com.tutorialspoint.TextEditor.spellChecker
Creating shared instance of singleton bean 'spellChecker'
Creating instance of bean 'spellChecker'
Returning cached instance of singleton bean 'org.springframework.aop.aspectj.AspectJPointcutAdvisor#0'
Returning cached instance of singleton bean 'org.springframework.aop.aspectj.AspectJPointcutAdvisor#1'
Returning cached instance of singleton bean 'org.springframework.aop.aspectj.AspectJPointcutAdvisor#2'
Returning cached instance of singleton bean 'org.springframework.aop.aspectj.AspectJPointcutAdvisor#3'
Eagerly caching bean 'spellChecker' to allow for resolving potential circular references
Returning cached instance of singleton bean 'org.springframework.aop.aspectj.AspectJPointcutAdvisor#0'
Returning cached instance of singleton bean 'org.springframework.aop.aspectj.AspectJPointcutAdvisor#1'
Returning cached instance of singleton bean 'org.springframework.aop.aspectj.AspectJPointcutAdvisor#2'
Returning cached instance of singleton bean 'org.springframework.aop.aspectj.AspectJPointcutAdvisor#3'
Returning cached instance of singleton bean 'org.springframework.aop.aspectj.AspectJPointcutAdvisor#0'
Returning cached instance of singleton bean 'org.springframework.aop.aspectj.AspectJPointcutAdvisor#1'
Returning cached instance of singleton bean 'org.springframework.aop.aspectj.AspectJPointcutAdvisor#2'
Returning cached instance of singleton bean 'org.springframework.aop.aspectj.AspectJPointcutAdvisor#3'
Finished creating instance of bean 'spellChecker'
Autowiring by type from bean name 'textEditor' to bean named 'spellChecker'
Returning cached instance of singleton bean 'org.springframework.aop.aspectj.AspectJPointcutAdvisor#0'
Returning cached instance of singleton bean 'org.springframework.aop.aspectj.AspectJPointcutAdvisor#1'
Returning cached instance of singleton bean 'org.springframework.aop.aspectj.AspectJPointcutAdvisor#2'
Returning cached instance of singleton bean 'org.springframework.aop.aspectj.AspectJPointcutAdvisor#3'
Returning cached instance of singleton bean 'org.springframework.aop.aspectj.AspectJPointcutAdvisor#0'
Returning cached instance of singleton bean 'org.springframework.aop.aspectj.AspectJPointcutAdvisor#1'
Returning cached instance of singleton bean 'org.springframework.aop.aspectj.AspectJPointcutAdvisor#2'
Returning cached instance of singleton bean 'org.springframework.aop.aspectj.AspectJPointcutAdvisor#3'
Finished creating instance of bean 'textEditor'
Returning cached instance of singleton bean 'spellChecker'
Creating shared instance of singleton bean 'javaCollection'
Creating instance of bean 'javaCollection'
Returning cached instance of singleton bean 'org.springframework.aop.aspectj.AspectJPointcutAdvisor#0'
Returning cached instance of singleton bean 'org.springframework.aop.aspectj.AspectJPointcutAdvisor#1'
Returning cached instance of singleton bean 'org.springframework.aop.aspectj.AspectJPointcutAdvisor#2'
Returning cached instance of singleton bean 'org.springframework.aop.aspectj.AspectJPointcutAdvisor#3'
Eagerly caching bean 'javaCollection' to allow for resolving potential circular references
Returning cached instance of singleton bean 'org.springframework.aop.aspectj.AspectJPointcutAdvisor#0'
Returning cached instance of singleton bean 'org.springframework.aop.aspectj.AspectJPointcutAdvisor#1'
Returning cached instance of singleton bean 'org.springframework.aop.aspectj.AspectJPointcutAdvisor#2'
Returning cached instance of singleton bean 'org.springframework.aop.aspectj.AspectJPointcutAdvisor#3'
Returning cached instance of singleton bean 'org.springframework.aop.aspectj.AspectJPointcutAdvisor#0'
Returning cached instance of singleton bean 'org.springframework.aop.aspectj.AspectJPointcutAdvisor#1'
Returning cached instance of singleton bean 'org.springframework.aop.aspectj.AspectJPointcutAdvisor#2'
Returning cached instance of singleton bean 'org.springframework.aop.aspectj.AspectJPointcutAdvisor#3'
Finished creating instance of bean 'javaCollection'
Creating shared instance of singleton bean 'student'
Creating instance of bean 'student'
Returning cached instance of singleton bean 'org.springframework.aop.aspectj.AspectJPointcutAdvisor#0'
Returning cached instance of singleton bean 'org.springframework.aop.aspectj.AspectJPointcutAdvisor#1'
Returning cached instance of singleton bean 'org.springframework.aop.aspectj.AspectJPointcutAdvisor#2'
Returning cached instance of singleton bean 'org.springframework.aop.aspectj.AspectJPointcutAdvisor#3'
Registered injected element on class [com.tutorialspoint.Student]: AutowiredMethodElement for public void com.tutorialspoint.Student.setName(java.lang.String)
Registered injected element on class [com.tutorialspoint.Student]: AutowiredMethodElement for public void com.tutorialspoint.Student.setAge(java.lang.Integer)
Eagerly caching bean 'student' to allow for resolving potential circular references
Processing injected element of bean 'student': AutowiredMethodElement for public void com.tutorialspoint.Student.setName(java.lang.String)
Processing injected element of bean 'student': AutowiredMethodElement for public void com.tutorialspoint.Student.setAge(java.lang.Integer)
Returning cached instance of singleton bean 'org.springframework.aop.aspectj.AspectJPointcutAdvisor#0'
Returning cached instance of singleton bean 'org.springframework.aop.aspectj.AspectJPointcutAdvisor#1'
Returning cached instance of singleton bean 'org.springframework.aop.aspectj.AspectJPointcutAdvisor#2'
Returning cached instance of singleton bean 'org.springframework.aop.aspectj.AspectJPointcutAdvisor#3'
Returning cached instance of singleton bean 'org.springframework.aop.aspectj.AspectJPointcutAdvisor#0'
Returning cached instance of singleton bean 'org.springframework.aop.aspectj.AspectJPointcutAdvisor#1'
Returning cached instance of singleton bean 'org.springframework.aop.aspectj.AspectJPointcutAdvisor#2'
Returning cached instance of singleton bean 'org.springframework.aop.aspectj.AspectJPointcutAdvisor#3'
Creating implicit proxy for bean 'student' with 0 common interceptors and 9 specific interceptors
Creating CGLIB proxy: target source is SingletonTargetSource for target object [com.tutorialspoint.Student@c3b7044]
Unable to apply any optimisations to advised method: public java.lang.String com.tutorialspoint.Student.getName()
Unable to apply any optimisations to advised method: public java.lang.Integer com.tutorialspoint.Student.getId()
Unable to apply any optimisations to advised method: public void com.tutorialspoint.Student.setName(java.lang.String)
Unable to apply any optimisations to advised method: public java.lang.Integer com.tutorialspoint.Student.getAge()
Unable to apply any optimisations to advised method: public void com.tutorialspoint.Student.setId(java.lang.Integer)
Unable to apply any optimisations to advised method: public void com.tutorialspoint.Student.printThrowException()
Unable to apply any optimisations to advised method: public void com.tutorialspoint.Student.setAge(java.lang.Integer)
Found finalize() method - using NO_OVERRIDE
Found 'equals' method: public boolean java.lang.Object.equals(java.lang.Object)
Unable to apply any optimisations to advised method: public java.lang.String java.lang.Object.toString()
Found 'hashCode' method: public native int java.lang.Object.hashCode()
Unable to apply any optimisations to advised method: protected native java.lang.Object java.lang.Object.clone() throws java.lang.CloneNotSupportedException
Method is declared on Advised interface: public abstract int org.springframework.aop.framework.Advised.indexOf(org.aopalliance.aop.Advice)
Method is declared on Advised interface: public abstract int org.springframework.aop.framework.Advised.indexOf(org.springframework.aop.Advisor)
Method is declared on Advised interface: public abstract boolean org.springframework.aop.framework.Advised.isFrozen()
Method is declared on Advised interface: public abstract org.springframework.aop.TargetSource org.springframework.aop.framework.Advised.getTargetSource()
Method is declared on Advised interface: public abstract boolean org.springframework.aop.framework.Advised.isProxyTargetClass()
Method is declared on Advised interface: public abstract void org.springframework.aop.framework.Advised.setPreFiltered(boolean)
Method is declared on Advised interface: public abstract void org.springframework.aop.framework.Advised.setExposeProxy(boolean)
Method is declared on Advised interface: public abstract org.springframework.aop.Advisor[] org.springframework.aop.framework.Advised.getAdvisors()
Method is declared on Advised interface: public abstract java.lang.Class[] org.springframework.aop.framework.Advised.getProxiedInterfaces()
Method is declared on Advised interface: public abstract boolean org.springframework.aop.framework.Advised.isInterfaceProxied(java.lang.Class)
Method is declared on Advised interface: public abstract boolean org.springframework.aop.framework.Advised.replaceAdvisor(org.springframework.aop.Advisor,org.springframework.aop.Advisor) throws org.springframework.aop.framework.AopConfigException
Method is declared on Advised interface: public abstract java.lang.String org.springframework.aop.framework.Advised.toProxyConfigString()
Method is declared on Advised interface: public abstract void org.springframework.aop.framework.Advised.addAdvice(int,org.aopalliance.aop.Advice) throws org.springframework.aop.framework.AopConfigException
Method is declared on Advised interface: public abstract void org.springframework.aop.framework.Advised.addAdvice(org.aopalliance.aop.Advice) throws org.springframework.aop.framework.AopConfigException
Method is declared on Advised interface: public abstract boolean org.springframework.aop.framework.Advised.isPreFiltered()
Method is declared on Advised interface: public abstract boolean org.springframework.aop.framework.Advised.removeAdvisor(org.springframework.aop.Advisor)
Method is declared on Advised interface: public abstract void org.springframework.aop.framework.Advised.removeAdvisor(int) throws org.springframework.aop.framework.AopConfigException
Method is declared on Advised interface: public abstract boolean org.springframework.aop.framework.Advised.removeAdvice(org.aopalliance.aop.Advice)
Method is declared on Advised interface: public abstract void org.springframework.aop.framework.Advised.addAdvisor(org.springframework.aop.Advisor) throws org.springframework.aop.framework.AopConfigException
Method is declared on Advised interface: public abstract void org.springframework.aop.framework.Advised.addAdvisor(int,org.springframework.aop.Advisor) throws org.springframework.aop.framework.AopConfigException
Method is declared on Advised interface: public abstract boolean org.springframework.aop.framework.Advised.isExposeProxy()
Method is declared on Advised interface: public abstract void org.springframework.aop.framework.Advised.setTargetSource(org.springframework.aop.TargetSource)
Method is declared on Advised interface: public abstract java.lang.Class org.springframework.aop.TargetClassAware.getTargetClass()
Finished creating instance of bean 'student'
Creating shared instance of singleton bean 'profile'
Creating instance of bean 'profile'
Returning cached instance of singleton bean 'org.springframework.aop.aspectj.AspectJPointcutAdvisor#0'
Returning cached instance of singleton bean 'org.springframework.aop.aspectj.AspectJPointcutAdvisor#1'
Returning cached instance of singleton bean 'org.springframework.aop.aspectj.AspectJPointcutAdvisor#2'
Returning cached instance of singleton bean 'org.springframework.aop.aspectj.AspectJPointcutAdvisor#3'
Registered injected element on class [com.tutorialspoint.Profile]: AutowiredFieldElement for private com.tutorialspoint.Student com.tutorialspoint.Profile.student
Eagerly caching bean 'profile' to allow for resolving potential circular references
Processing injected element of bean 'profile': AutowiredFieldElement for private com.tutorialspoint.Student com.tutorialspoint.Profile.student
Creating shared instance of singleton bean 'student1'
Creating instance of bean 'student1'
Returning cached instance of singleton bean 'org.springframework.aop.aspectj.AspectJPointcutAdvisor#0'
Returning cached instance of singleton bean 'org.springframework.aop.aspectj.AspectJPointcutAdvisor#1'
Returning cached instance of singleton bean 'org.springframework.aop.aspectj.AspectJPointcutAdvisor#2'
Returning cached instance of singleton bean 'org.springframework.aop.aspectj.AspectJPointcutAdvisor#3'
Registered injected element on class [com.tutorialspoint.Student]: AutowiredMethodElement for public void com.tutorialspoint.Student.setName(java.lang.String)
Registered injected element on class [com.tutorialspoint.Student]: AutowiredMethodElement for public void com.tutorialspoint.Student.setAge(java.lang.Integer)
Eagerly caching bean 'student1' to allow for resolving potential circular references
Processing injected element of bean 'student1': AutowiredMethodElement for public void com.tutorialspoint.Student.setName(java.lang.String)
Processing injected element of bean 'student1': AutowiredMethodElement for public void com.tutorialspoint.Student.setAge(java.lang.Integer)
Returning cached instance of singleton bean 'org.springframework.aop.aspectj.AspectJPointcutAdvisor#0'
Returning cached instance of singleton bean 'org.springframework.aop.aspectj.AspectJPointcutAdvisor#1'
Returning cached instance of singleton bean 'org.springframework.aop.aspectj.AspectJPointcutAdvisor#2'
Returning cached instance of singleton bean 'org.springframework.aop.aspectj.AspectJPointcutAdvisor#3'
Returning cached instance of singleton bean 'org.springframework.aop.aspectj.AspectJPointcutAdvisor#0'
Returning cached instance of singleton bean 'org.springframework.aop.aspectj.AspectJPointcutAdvisor#1'
Returning cached instance of singleton bean 'org.springframework.aop.aspectj.AspectJPointcutAdvisor#2'
Returning cached instance of singleton bean 'org.springframework.aop.aspectj.AspectJPointcutAdvisor#3'
Creating implicit proxy for bean 'student1' with 0 common interceptors and 9 specific interceptors
Creating CGLIB proxy: target source is SingletonTargetSource for target object [com.tutorialspoint.Student@7a367d11]
Finished creating instance of bean 'student1'
Autowiring by type from bean name 'profile' to bean named 'student1'
Returning cached instance of singleton bean 'org.springframework.aop.aspectj.AspectJPointcutAdvisor#0'
Returning cached instance of singleton bean 'org.springframework.aop.aspectj.AspectJPointcutAdvisor#1'
Returning cached instance of singleton bean 'org.springframework.aop.aspectj.AspectJPointcutAdvisor#2'
Returning cached instance of singleton bean 'org.springframework.aop.aspectj.AspectJPointcutAdvisor#3'
Returning cached instance of singleton bean 'org.springframework.aop.aspectj.AspectJPointcutAdvisor#0'
Returning cached instance of singleton bean 'org.springframework.aop.aspectj.AspectJPointcutAdvisor#1'
Returning cached instance of singleton bean 'org.springframework.aop.aspectj.AspectJPointcutAdvisor#2'
Returning cached instance of singleton bean 'org.springframework.aop.aspectj.AspectJPointcutAdvisor#3'
Finished creating instance of bean 'profile'
Returning cached instance of singleton bean 'student1'
Creating shared instance of singleton bean 'student2'
Creating instance of bean 'student2'
Returning cached instance of singleton bean 'org.springframework.aop.aspectj.AspectJPointcutAdvisor#0'
Returning cached instance of singleton bean 'org.springframework.aop.aspectj.AspectJPointcutAdvisor#1'
Returning cached instance of singleton bean 'org.springframework.aop.aspectj.AspectJPointcutAdvisor#2'
Returning cached instance of singleton bean 'org.springframework.aop.aspectj.AspectJPointcutAdvisor#3'
Registered injected element on class [com.tutorialspoint.Student]: AutowiredMethodElement for public void com.tutorialspoint.Student.setName(java.lang.String)
Registered injected element on class [com.tutorialspoint.Student]: AutowiredMethodElement for public void com.tutorialspoint.Student.setAge(java.lang.Integer)
Eagerly caching bean 'student2' to allow for resolving potential circular references
Processing injected element of bean 'student2': AutowiredMethodElement for public void com.tutorialspoint.Student.setName(java.lang.String)
Processing injected element of bean 'student2': AutowiredMethodElement for public void com.tutorialspoint.Student.setAge(java.lang.Integer)
Returning cached instance of singleton bean 'org.springframework.aop.aspectj.AspectJPointcutAdvisor#0'
Returning cached instance of singleton bean 'org.springframework.aop.aspectj.AspectJPointcutAdvisor#1'
Returning cached instance of singleton bean 'org.springframework.aop.aspectj.AspectJPointcutAdvisor#2'
Returning cached instance of singleton bean 'org.springframework.aop.aspectj.AspectJPointcutAdvisor#3'
Returning cached instance of singleton bean 'org.springframework.aop.aspectj.AspectJPointcutAdvisor#0'
Returning cached instance of singleton bean 'org.springframework.aop.aspectj.AspectJPointcutAdvisor#1'
Returning cached instance of singleton bean 'org.springframework.aop.aspectj.AspectJPointcutAdvisor#2'
Returning cached instance of singleton bean 'org.springframework.aop.aspectj.AspectJPointcutAdvisor#3'
Creating implicit proxy for bean 'student2' with 0 common interceptors and 9 specific interceptors
Creating CGLIB proxy: target source is SingletonTargetSource for target object [com.tutorialspoint.Student@57b6ac25]
Finished creating instance of bean 'student2'
Creating shared instance of singleton bean 'cStartEventHandler'
Creating instance of bean 'cStartEventHandler'
Returning cached instance of singleton bean 'org.springframework.aop.aspectj.AspectJPointcutAdvisor#0'
Returning cached instance of singleton bean 'org.springframework.aop.aspectj.AspectJPointcutAdvisor#1'
Returning cached instance of singleton bean 'org.springframework.aop.aspectj.AspectJPointcutAdvisor#2'
Returning cached instance of singleton bean 'org.springframework.aop.aspectj.AspectJPointcutAdvisor#3'
Eagerly caching bean 'cStartEventHandler' to allow for resolving potential circular references
Returning cached instance of singleton bean 'org.springframework.aop.aspectj.AspectJPointcutAdvisor#0'
Returning cached instance of singleton bean 'org.springframework.aop.aspectj.AspectJPointcutAdvisor#1'
Returning cached instance of singleton bean 'org.springframework.aop.aspectj.AspectJPointcutAdvisor#2'
Returning cached instance of singleton bean 'org.springframework.aop.aspectj.AspectJPointcutAdvisor#3'
Returning cached instance of singleton bean 'org.springframework.aop.aspectj.AspectJPointcutAdvisor#0'
Returning cached instance of singleton bean 'org.springframework.aop.aspectj.AspectJPointcutAdvisor#1'
Returning cached instance of singleton bean 'org.springframework.aop.aspectj.AspectJPointcutAdvisor#2'
Returning cached instance of singleton bean 'org.springframework.aop.aspectj.AspectJPointcutAdvisor#3'
Finished creating instance of bean 'cStartEventHandler'
Creating shared instance of singleton bean 'cStopEventHandler'
Creating instance of bean 'cStopEventHandler'
Returning cached instance of singleton bean 'org.springframework.aop.aspectj.AspectJPointcutAdvisor#0'
Returning cached instance of singleton bean 'org.springframework.aop.aspectj.AspectJPointcutAdvisor#1'
Returning cached instance of singleton bean 'org.springframework.aop.aspectj.AspectJPointcutAdvisor#2'
Returning cached instance of singleton bean 'org.springframework.aop.aspectj.AspectJPointcutAdvisor#3'
Eagerly caching bean 'cStopEventHandler' to allow for resolving potential circular references
Returning cached instance of singleton bean 'org.springframework.aop.aspectj.AspectJPointcutAdvisor#0'
Returning cached instance of singleton bean 'org.springframework.aop.aspectj.AspectJPointcutAdvisor#1'
Returning cached instance of singleton bean 'org.springframework.aop.aspectj.AspectJPointcutAdvisor#2'
Returning cached instance of singleton bean 'org.springframework.aop.aspectj.AspectJPointcutAdvisor#3'
Returning cached instance of singleton bean 'org.springframework.aop.aspectj.AspectJPointcutAdvisor#0'
Returning cached instance of singleton bean 'org.springframework.aop.aspectj.AspectJPointcutAdvisor#1'
Returning cached instance of singleton bean 'org.springframework.aop.aspectj.AspectJPointcutAdvisor#2'
Returning cached instance of singleton bean 'org.springframework.aop.aspectj.AspectJPointcutAdvisor#3'
Finished creating instance of bean 'cStopEventHandler'
Creating shared instance of singleton bean 'customEventHandler'
Creating instance of bean 'customEventHandler'
Returning cached instance of singleton bean 'org.springframework.aop.aspectj.AspectJPointcutAdvisor#0'
Returning cached instance of singleton bean 'org.springframework.aop.aspectj.AspectJPointcutAdvisor#1'
Returning cached instance of singleton bean 'org.springframework.aop.aspectj.AspectJPointcutAdvisor#2'
Returning cached instance of singleton bean 'org.springframework.aop.aspectj.AspectJPointcutAdvisor#3'
Eagerly caching bean 'customEventHandler' to allow for resolving potential circular references
Returning cached instance of singleton bean 'org.springframework.aop.aspectj.AspectJPointcutAdvisor#0'
Returning cached instance of singleton bean 'org.springframework.aop.aspectj.AspectJPointcutAdvisor#1'
Returning cached instance of singleton bean 'org.springframework.aop.aspectj.AspectJPointcutAdvisor#2'
Returning cached instance of singleton bean 'org.springframework.aop.aspectj.AspectJPointcutAdvisor#3'
Returning cached instance of singleton bean 'org.springframework.aop.aspectj.AspectJPointcutAdvisor#0'
Returning cached instance of singleton bean 'org.springframework.aop.aspectj.AspectJPointcutAdvisor#1'
Returning cached instance of singleton bean 'org.springframework.aop.aspectj.AspectJPointcutAdvisor#2'
Returning cached instance of singleton bean 'org.springframework.aop.aspectj.AspectJPointcutAdvisor#3'
Finished creating instance of bean 'customEventHandler'
Creating shared instance of singleton bean 'customEventPublisher'
Creating instance of bean 'customEventPublisher'
Returning cached instance of singleton bean 'org.springframework.aop.aspectj.AspectJPointcutAdvisor#0'
Returning cached instance of singleton bean 'org.springframework.aop.aspectj.AspectJPointcutAdvisor#1'
Returning cached instance of singleton bean 'org.springframework.aop.aspectj.AspectJPointcutAdvisor#2'
Returning cached instance of singleton bean 'org.springframework.aop.aspectj.AspectJPointcutAdvisor#3'
Eagerly caching bean 'customEventPublisher' to allow for resolving potential circular references
Returning cached instance of singleton bean 'org.springframework.aop.aspectj.AspectJPointcutAdvisor#0'
Returning cached instance of singleton bean 'org.springframework.aop.aspectj.AspectJPointcutAdvisor#1'
Returning cached instance of singleton bean 'org.springframework.aop.aspectj.AspectJPointcutAdvisor#2'
Returning cached instance of singleton bean 'org.springframework.aop.aspectj.AspectJPointcutAdvisor#3'
Returning cached instance of singleton bean 'org.springframework.aop.aspectj.AspectJPointcutAdvisor#0'
Returning cached instance of singleton bean 'org.springframework.aop.aspectj.AspectJPointcutAdvisor#1'
Returning cached instance of singleton bean 'org.springframework.aop.aspectj.AspectJPointcutAdvisor#2'
Returning cached instance of singleton bean 'org.springframework.aop.aspectj.AspectJPointcutAdvisor#3'
Finished creating instance of bean 'customEventPublisher'
Creating shared instance of singleton bean 'dataSource'
Creating instance of bean 'dataSource'
Returning cached instance of singleton bean 'org.springframework.aop.aspectj.AspectJPointcutAdvisor#0'
Returning cached instance of singleton bean 'org.springframework.aop.aspectj.AspectJPointcutAdvisor#1'
Returning cached instance of singleton bean 'org.springframework.aop.aspectj.AspectJPointcutAdvisor#2'
Returning cached instance of singleton bean 'org.springframework.aop.aspectj.AspectJPointcutAdvisor#3'
Eagerly caching bean 'dataSource' to allow for resolving potential circular references
Loaded JDBC driver: org.hsqldb.jdbcDriver
Returning cached instance of singleton bean 'org.springframework.aop.aspectj.AspectJPointcutAdvisor#0'
Returning cached instance of singleton bean 'org.springframework.aop.aspectj.AspectJPointcutAdvisor#1'
Returning cached instance of singleton bean 'org.springframework.aop.aspectj.AspectJPointcutAdvisor#2'
Returning cached instance of singleton bean 'org.springframework.aop.aspectj.AspectJPointcutAdvisor#3'
Returning cached instance of singleton bean 'org.springframework.aop.aspectj.AspectJPointcutAdvisor#0'
Returning cached instance of singleton bean 'org.springframework.aop.aspectj.AspectJPointcutAdvisor#1'
Returning cached instance of singleton bean 'org.springframework.aop.aspectj.AspectJPointcutAdvisor#2'
Returning cached instance of singleton bean 'org.springframework.aop.aspectj.AspectJPointcutAdvisor#3'
Finished creating instance of bean 'dataSource'
Creating shared instance of singleton bean 'studentJDBCTemplate'
Creating instance of bean 'studentJDBCTemplate'
Returning cached instance of singleton bean 'org.springframework.aop.aspectj.AspectJPointcutAdvisor#0'
Returning cached instance of singleton bean 'org.springframework.aop.aspectj.AspectJPointcutAdvisor#1'
Returning cached instance of singleton bean 'org.springframework.aop.aspectj.AspectJPointcutAdvisor#2'
Returning cached instance of singleton bean 'org.springframework.aop.aspectj.AspectJPointcutAdvisor#3'
Eagerly caching bean 'studentJDBCTemplate' to allow for resolving potential circular references
Returning cached instance of singleton bean 'dataSource'
Returning cached instance of singleton bean 'org.springframework.aop.aspectj.AspectJPointcutAdvisor#0'
Returning cached instance of singleton bean 'org.springframework.aop.aspectj.AspectJPointcutAdvisor#1'
Returning cached instance of singleton bean 'org.springframework.aop.aspectj.AspectJPointcutAdvisor#2'
Returning cached instance of singleton bean 'org.springframework.aop.aspectj.AspectJPointcutAdvisor#3'
Returning cached instance of singleton bean 'org.springframework.aop.aspectj.AspectJPointcutAdvisor#0'
Returning cached instance of singleton bean 'org.springframework.aop.aspectj.AspectJPointcutAdvisor#1'
Returning cached instance of singleton bean 'org.springframework.aop.aspectj.AspectJPointcutAdvisor#2'
Returning cached instance of singleton bean 'org.springframework.aop.aspectj.AspectJPointcutAdvisor#3'
Finished creating instance of bean 'studentJDBCTemplate'
Creating shared instance of singleton bean 'studentJDBCTemplate2'
Creating instance of bean 'studentJDBCTemplate2'
Returning cached instance of singleton bean 'org.springframework.aop.aspectj.AspectJPointcutAdvisor#0'
Returning cached instance of singleton bean 'org.springframework.aop.aspectj.AspectJPointcutAdvisor#1'
Returning cached instance of singleton bean 'org.springframework.aop.aspectj.AspectJPointcutAdvisor#2'
Returning cached instance of singleton bean 'org.springframework.aop.aspectj.AspectJPointcutAdvisor#3'
Eagerly caching bean 'studentJDBCTemplate2' to allow for resolving potential circular references
Returning cached instance of singleton bean 'dataSource'
Returning cached instance of singleton bean 'org.springframework.aop.aspectj.AspectJPointcutAdvisor#0'
Returning cached instance of singleton bean 'org.springframework.aop.aspectj.AspectJPointcutAdvisor#1'
Returning cached instance of singleton bean 'org.springframework.aop.aspectj.AspectJPointcutAdvisor#2'
Returning cached instance of singleton bean 'org.springframework.aop.aspectj.AspectJPointcutAdvisor#3'
Returning cached instance of singleton bean 'org.springframework.aop.aspectj.AspectJPointcutAdvisor#0'
Returning cached instance of singleton bean 'org.springframework.aop.aspectj.AspectJPointcutAdvisor#1'
Returning cached instance of singleton bean 'org.springframework.aop.aspectj.AspectJPointcutAdvisor#2'
Returning cached instance of singleton bean 'org.springframework.aop.aspectj.AspectJPointcutAdvisor#3'
Finished creating instance of bean 'studentJDBCTemplate2'
Returning cached instance of singleton bean 'org.springframework.context.annotation.ConfigurationClassPostProcessor.importAwareProcessor'
Returning cached instance of singleton bean 'org.springframework.context.annotation.ConfigurationClassPostProcessor.enhancedConfigurationProcessor'
Unable to locate LifecycleProcessor with name 'lifecycleProcessor': using default [org.springframework.context.support.DefaultLifecycleProcessor@5c1ac001]
Returning cached instance of singleton bean 'lifecycleProcessor'
Searching for key 'spring.liveBeansView.mbeanDomain' in [systemProperties]
Searching for key 'spring.liveBeansView.mbeanDomain' in [systemEnvironment]
Could not find key 'spring.liveBeansView.mbeanDomain' in any property source. Returning [null]
Returning cached instance of singleton bean 'helloWorld'
Returning cached instance of singleton bean 'helloIndia'
Returning cached instance of singleton bean 'textEditor'
Returning cached instance of singleton bean 'javaCollection'
Returning cached instance of singleton bean 'student'
Returning cached instance of singleton bean 'logging'
Returning cached instance of singleton bean 'annotationBasedLogging'
Returning cached instance of singleton bean 'logging'
Returning cached instance of singleton bean 'logging'
Returning cached instance of singleton bean 'logging'
Returning cached instance of singleton bean 'logging'
Returning cached instance of singleton bean 'logging'
Returning cached instance of singleton bean 'profile'
Returning cached instance of singleton bean 'logging'
Returning cached instance of singleton bean 'logging'
Returning cached instance of singleton bean 'logging'
Returning cached instance of singleton bean 'logging'
Returning cached instance of singleton bean 'logging'
Returning cached instance of singleton bean 'logging'
Adding [systemProperties] PropertySource with lowest search precedence
Adding [systemEnvironment] PropertySource with lowest search precedence
Initialized StandardEnvironment with PropertySources [systemProperties,systemEnvironment]
Refreshing org.springframework.context.annotation.AnnotationConfigApplicationContext@7c65897c: startup date [Sun Mar 08 21:36:28 GMT+08:00 2015]; root of context hierarchy
Bean factory for org.springframework.context.annotation.AnnotationConfigApplicationContext@7c65897c: org.springframework.beans.factory.support.DefaultListableBeanFactory@d867496: defining beans [org.springframework.context.annotation.internalConfigurationAnnotationProcessor,org.springframework.context.annotation.internalAutowiredAnnotationProcessor,org.springframework.context.annotation.internalRequiredAnnotationProcessor,org.springframework.context.annotation.internalCommonAnnotationProcessor,helloWorldConfig]; root of factory hierarchy
Creating shared instance of singleton bean 'org.springframework.context.annotation.internalConfigurationAnnotationProcessor'
Creating instance of bean 'org.springframework.context.annotation.internalConfigurationAnnotationProcessor'
Eagerly caching bean 'org.springframework.context.annotation.internalConfigurationAnnotationProcessor' to allow for resolving potential circular references
Finished creating instance of bean 'org.springframework.context.annotation.internalConfigurationAnnotationProcessor'
Registering bean definition for @Bean method com.tutorialspoint.HelloWorldConfig.helloWorld()
Successfully enhanced com.tutorialspoint.HelloWorldConfig; enhanced class name is: com.tutorialspoint.HelloWorldConfig$$EnhancerBySpringCGLIB$$f7b38d14
Replacing bean definition 'helloWorldConfig' existing class name 'com.tutorialspoint.HelloWorldConfig' with enhanced class name 'com.tutorialspoint.HelloWorldConfig$$EnhancerBySpringCGLIB$$f7b38d14'
Creating shared instance of singleton bean 'org.springframework.context.annotation.internalAutowiredAnnotationProcessor'
Creating instance of bean 'org.springframework.context.annotation.internalAutowiredAnnotationProcessor'
Eagerly caching bean 'org.springframework.context.annotation.internalAutowiredAnnotationProcessor' to allow for resolving potential circular references
Finished creating instance of bean 'org.springframework.context.annotation.internalAutowiredAnnotationProcessor'
Creating shared instance of singleton bean 'org.springframework.context.annotation.internalRequiredAnnotationProcessor'
Creating instance of bean 'org.springframework.context.annotation.internalRequiredAnnotationProcessor'
Eagerly caching bean 'org.springframework.context.annotation.internalRequiredAnnotationProcessor' to allow for resolving potential circular references
Finished creating instance of bean 'org.springframework.context.annotation.internalRequiredAnnotationProcessor'
Creating shared instance of singleton bean 'org.springframework.context.annotation.internalCommonAnnotationProcessor'
Creating instance of bean 'org.springframework.context.annotation.internalCommonAnnotationProcessor'
Eagerly caching bean 'org.springframework.context.annotation.internalCommonAnnotationProcessor' to allow for resolving potential circular references
Finished creating instance of bean 'org.springframework.context.annotation.internalCommonAnnotationProcessor'
Creating shared instance of singleton bean 'org.springframework.context.annotation.ConfigurationClassPostProcessor.importAwareProcessor'
Creating instance of bean 'org.springframework.context.annotation.ConfigurationClassPostProcessor.importAwareProcessor'
Eagerly caching bean 'org.springframework.context.annotation.ConfigurationClassPostProcessor.importAwareProcessor' to allow for resolving potential circular references
Finished creating instance of bean 'org.springframework.context.annotation.ConfigurationClassPostProcessor.importAwareProcessor'
Creating shared instance of singleton bean 'org.springframework.context.annotation.ConfigurationClassPostProcessor.enhancedConfigurationProcessor'
Creating instance of bean 'org.springframework.context.annotation.ConfigurationClassPostProcessor.enhancedConfigurationProcessor'
Eagerly caching bean 'org.springframework.context.annotation.ConfigurationClassPostProcessor.enhancedConfigurationProcessor' to allow for resolving potential circular references
Finished creating instance of bean 'org.springframework.context.annotation.ConfigurationClassPostProcessor.enhancedConfigurationProcessor'
Unable to locate MessageSource with name 'messageSource': using default [org.springframework.context.support.DelegatingMessageSource@5ba21282]
Unable to locate ApplicationEventMulticaster with name 'applicationEventMulticaster': using default [org.springframework.context.event.SimpleApplicationEventMulticaster@6d6d43cd]
Pre-instantiating singletons in org.springframework.beans.factory.support.DefaultListableBeanFactory@d867496: defining beans [org.springframework.context.annotation.internalConfigurationAnnotationProcessor,org.springframework.context.annotation.internalAutowiredAnnotationProcessor,org.springframework.context.annotation.internalRequiredAnnotationProcessor,org.springframework.context.annotation.internalCommonAnnotationProcessor,helloWorldConfig,org.springframework.context.annotation.ConfigurationClassPostProcessor.importAwareProcessor,org.springframework.context.annotation.ConfigurationClassPostProcessor.enhancedConfigurationProcessor,helloWorld]; root of factory hierarchy
Returning cached instance of singleton bean 'org.springframework.context.annotation.internalConfigurationAnnotationProcessor'
Returning cached instance of singleton bean 'org.springframework.context.annotation.internalAutowiredAnnotationProcessor'
Returning cached instance of singleton bean 'org.springframework.context.annotation.internalRequiredAnnotationProcessor'
Returning cached instance of singleton bean 'org.springframework.context.annotation.internalCommonAnnotationProcessor'
Creating shared instance of singleton bean 'helloWorldConfig'
Creating instance of bean 'helloWorldConfig'
Eagerly caching bean 'helloWorldConfig' to allow for resolving potential circular references
Finished creating instance of bean 'helloWorldConfig'
Returning cached instance of singleton bean 'org.springframework.context.annotation.ConfigurationClassPostProcessor.importAwareProcessor'
Returning cached instance of singleton bean 'org.springframework.context.annotation.ConfigurationClassPostProcessor.enhancedConfigurationProcessor'
Creating shared instance of singleton bean 'helloWorld'
Creating instance of bean 'helloWorld'
Returning cached instance of singleton bean 'helloWorldConfig'
Eagerly caching bean 'helloWorld' to allow for resolving potential circular references
Invoking init method  'init' on bean with name 'helloWorld'
Finished creating instance of bean 'helloWorld'
Unable to locate LifecycleProcessor with name 'lifecycleProcessor': using default [org.springframework.context.support.DefaultLifecycleProcessor@19d6dcd]
Returning cached instance of singleton bean 'lifecycleProcessor'
Searching for key 'spring.liveBeansView.mbeanDomain' in [systemProperties]
Searching for key 'spring.liveBeansView.mbeanDomain' in [systemEnvironment]
Could not find key 'spring.liveBeansView.mbeanDomain' in any property source. Returning [null]
Returning cached instance of singleton bean 'helloWorld'
Returning cached instance of singleton bean 'lifecycleProcessor'
Returning cached instance of singleton bean 'cStartEventHandler'
Returning cached instance of singleton bean 'lifecycleProcessor'
Returning cached instance of singleton bean 'cStopEventHandler'
Returning cached instance of singleton bean 'customEventPublisher'
Returning cached instance of singleton bean 'customEventHandler'
Returning cached instance of singleton bean 'studentJDBCTemplate'
Executing prepared SQL update
Executing prepared SQL statement [INSERT INTO Student (NAME, AGE) values(?, ?);]
Fetching JDBC Connection from DataSource
Creating new JDBC DriverManager Connection to [jdbc:hsqldb:hsql://localhost]
SQL update affected 1 rows
Returning JDBC Connection to DataSource
Executing prepared SQL update
Executing prepared SQL statement [INSERT INTO Student (NAME, AGE) values(?, ?);]
Fetching JDBC Connection from DataSource
Creating new JDBC DriverManager Connection to [jdbc:hsqldb:hsql://localhost]
SQL update affected 1 rows
Returning JDBC Connection to DataSource
Executing prepared SQL update
Executing prepared SQL statement [INSERT INTO Student (NAME, AGE) values(?, ?);]
Fetching JDBC Connection from DataSource
Creating new JDBC DriverManager Connection to [jdbc:hsqldb:hsql://localhost]
SQL update affected 1 rows
Returning JDBC Connection to DataSource
Executing SQL query [SELECT * FROM Student]
Fetching JDBC Connection from DataSource
Creating new JDBC DriverManager Connection to [jdbc:hsqldb:hsql://localhost]
Returning JDBC Connection to DataSource
Executing prepared SQL update
Executing prepared SQL statement [UPDATE Student SET AGE = ? WHERE ID = ?]
Fetching JDBC Connection from DataSource
Creating new JDBC DriverManager Connection to [jdbc:hsqldb:hsql://localhost]
SQL update affected 1 rows
Returning JDBC Connection to DataSource
Executing prepared SQL query
Executing prepared SQL statement [SELECT * FROM Student WHERE ID = ?]
Fetching JDBC Connection from DataSource
Creating new JDBC DriverManager Connection to [jdbc:hsqldb:hsql://localhost]
Returning JDBC Connection to DataSource
Returning cached instance of singleton bean 'studentJDBCTemplate2'
Executing prepared SQL update
Executing prepared SQL statement [INSERT INTO Student (NAME, AGE) values(?, ?);]
Fetching JDBC Connection from DataSource
Creating new JDBC DriverManager Connection to [jdbc:hsqldb:hsql://localhost]
SQL update affected 1 rows
Returning JDBC Connection to DataSource
Executing prepared SQL update
Executing prepared SQL statement [INSERT INTO Student (NAME, AGE) values(?, ?);]
Fetching JDBC Connection from DataSource
Creating new JDBC DriverManager Connection to [jdbc:hsqldb:hsql://localhost]
SQL update affected 1 rows
Returning JDBC Connection to DataSource
Executing prepared SQL update
Executing prepared SQL statement [INSERT INTO Student (NAME, AGE) values(?, ?);]
Fetching JDBC Connection from DataSource
Creating new JDBC DriverManager Connection to [jdbc:hsqldb:hsql://localhost]
SQL update affected 1 rows
Returning JDBC Connection to DataSource
Executing SQL query [select * from Student]
Fetching JDBC Connection from DataSource
Creating new JDBC DriverManager Connection to [jdbc:hsqldb:hsql://localhost]
Returning JDBC Connection to DataSource
Going to test log4j
debugggggg
errorrrrrr
Exiting the program
Closing org.springframework.context.annotation.AnnotationConfigApplicationContext@7c65897c: startup date [Sun Mar 08 21:36:28 GMT+08:00 2015]; root of context hierarchy
Closing org.springframework.context.support.ClassPathXmlApplicationContext@5f9f89ee: startup date [Sun Mar 08 21:36:27 GMT+08:00 2015]; root of context hierarchy
Returning cached instance of singleton bean 'lifecycleProcessor'
Destroying singletons in org.springframework.beans.factory.support.DefaultListableBeanFactory@d867496: defining beans [org.springframework.context.annotation.internalConfigurationAnnotationProcessor,org.springframework.context.annotation.internalAutowiredAnnotationProcessor,org.springframework.context.annotation.internalRequiredAnnotationProcessor,org.springframework.context.annotation.internalCommonAnnotationProcessor,helloWorldConfig,org.springframework.context.annotation.ConfigurationClassPostProcessor.importAwareProcessor,org.springframework.context.annotation.ConfigurationClassPostProcessor.enhancedConfigurationProcessor,helloWorld]; root of factory hierarchy
Invoking destroy method 'destroy' on bean with name 'helloWorld'
Returning cached instance of singleton bean 'lifecycleProcessor'
Destroying singletons in org.springframework.beans.factory.support.DefaultListableBeanFactory@75371ddd: defining beans [org.springframework.context.annotation.internalConfigurationAnnotationProcessor,org.springframework.context.annotation.internalAutowiredAnnotationProcessor,org.springframework.context.annotation.internalRequiredAnnotationProcessor,org.springframework.context.annotation.internalCommonAnnotationProcessor,org.springframework.aop.config.internalAutoProxyCreator,org.springframework.aop.aspectj.AspectJPointcutAdvisor#0,org.springframework.aop.aspectj.AspectJPointcutAdvisor#1,org.springframework.aop.aspectj.AspectJPointcutAdvisor#2,org.springframework.aop.aspectj.AspectJPointcutAdvisor#3,selectAll,logging,annotationBasedLogging,helloWorld,helloIndia,com.tutorialspoint.InitHelloWorld#0,textEditor,spellChecker,javaCollection,student,profile,student1,student2,cStartEventHandler,cStopEventHandler,customEventHandler,customEventPublisher,dataSource,studentJDBCTemplate,studentJDBCTemplate2,org.springframework.context.annotation.ConfigurationClassPostProcessor.importAwareProcessor,org.springframework.context.annotation.ConfigurationClassPostProcessor.enhancedConfigurationProcessor]; root of factory hierarchy
Retrieved dependent beans for bean '(inner bean)#54ac6ca1': [org.springframework.aop.aspectj.AspectJPointcutAdvisor#3]
Retrieved dependent beans for bean '(inner bean)#30a80268': [(inner bean)#54ac6ca1]
Retrieved dependent beans for bean '(inner bean)#409510fd': [org.springframework.aop.aspectj.AspectJPointcutAdvisor#2]
Retrieved dependent beans for bean '(inner bean)#1e2b0942': [(inner bean)#409510fd]
Retrieved dependent beans for bean '(inner bean)#52c603e7': [org.springframework.aop.aspectj.AspectJPointcutAdvisor#1]
Retrieved dependent beans for bean '(inner bean)#7494c20': [(inner bean)#52c603e7]
Retrieved dependent beans for bean '(inner bean)#67b25799': [org.springframework.aop.aspectj.AspectJPointcutAdvisor#0]
Retrieved dependent beans for bean '(inner bean)#7116b458': [(inner bean)#67b25799]
